<?xml version="1.0" encoding="UTF-8"?>
<testng-results skipped="0" failed="0" total="1" passed="1">
  <reporter-output>
  </reporter-output>
  <suite name="Surefire suite" duration-ms="60" started-at="2018-03-02T04:32:16Z" finished-at="2018-03-02T04:32:16Z">
    <groups>
    </groups>
    <test name="Surefire test" duration-ms="60" started-at="2018-03-02T04:32:16Z" finished-at="2018-03-02T04:32:16Z">
      <class name="AppiumTest.AppiumTest.AppTest">
        <test-method status="PASS" signature="testApp()[pri:0, instance:testApp(AppiumTest.AppiumTest.AppTest)]" name="testApp" duration-ms="7" started-at="2018-03-01T23:32:16Z" finished-at="2018-03-01T23:32:16Z">
          <reporter-output>
          </reporter-output>
        </test-method> <!-- testApp -->
      </class> <!-- AppiumTest.AppiumTest.AppTest -->
    </test> <!-- Surefire test -->
  </suite> <!-- Surefire suite -->
</testng-results>
